1604074722.845134 client started (19972): version 2.6, socket /tmp/tmux-1001/default, protocol 8
1604074722.845185 on Linux 5.4.0-52-generic #57~18.04.1-Ubuntu SMP Thu Oct 15 14:04:49 UTC 2020; libevent 2.1.8-stable (poll)
1604074722.845219 socket is /tmp/tmux-1001/default
1604074722.845241 trying connect
1604074722.845362 add peer 0x564777a8d290: 6 ((nil))
1604074722.845471 sending message 100 to peer 0x564777a8d290 (4 bytes)
1604074722.845488 sending message 101 to peer 0x564777a8d290 (15 bytes)
1604074722.845498 sending message 102 to peer 0x564777a8d290 (11 bytes)
1604074722.845506 sending message 108 to peer 0x564777a8d290 (37 bytes)
1604074722.845516 sending message 104 to peer 0x564777a8d290 (0 bytes)
1604074722.845527 sending message 107 to peer 0x564777a8d290 (4 bytes)
1604074722.845535 sending message 105 to peer 0x564777a8d290 (22 bytes)
1604074722.845544 sending message 105 to peer 0x564777a8d290 (1516 bytes)
1604074722.845572 sending message 105 to peer 0x564777a8d290 (34 bytes)
1604074722.845582 sending message 105 to peer 0x564777a8d290 (23 bytes)
1604074722.845592 sending message 105 to peer 0x564777a8d290 (17 bytes)
1604074722.845601 sending message 105 to peer 0x564777a8d290 (23 bytes)
1604074722.845610 sending message 105 to peer 0x564777a8d290 (23 bytes)
1604074722.845619 sending message 105 to peer 0x564777a8d290 (11 bytes)
1604074722.845627 sending message 105 to peer 0x564777a8d290 (32 bytes)
1604074722.845636 sending message 105 to peer 0x564777a8d290 (63 bytes)
1604074722.845644 sending message 105 to peer 0x564777a8d290 (11 bytes)
1604074722.845652 sending message 105 to peer 0x564777a8d290 (31 bytes)
1604074722.845662 sending message 105 to peer 0x564777a8d290 (20 bytes)
1604074722.845671 sending message 105 to peer 0x564777a8d290 (16 bytes)
1604074722.845680 sending message 105 to peer 0x564777a8d290 (11 bytes)
1604074722.845689 sending message 105 to peer 0x564777a8d290 (59 bytes)
1604074722.845698 sending message 105 to peer 0x564777a8d290 (41 bytes)
1604074722.845706 sending message 105 to peer 0x564777a8d290 (53 bytes)
1604074722.845715 sending message 105 to peer 0x564777a8d290 (109 bytes)
1604074722.845724 sending message 105 to peer 0x564777a8d290 (17 bytes)
1604074722.845733 sending message 105 to peer 0x564777a8d290 (12 bytes)
1604074722.845742 sending message 105 to peer 0x564777a8d290 (25 bytes)
1604074722.845752 sending message 105 to peer 0x564777a8d290 (135 bytes)
1604074722.845761 sending message 105 to peer 0x564777a8d290 (11 bytes)
1604074722.845769 sending message 105 to peer 0x564777a8d290 (23 bytes)
1604074722.845778 sending message 105 to peer 0x564777a8d290 (18 bytes)
1604074722.845787 sending message 105 to peer 0x564777a8d290 (33 bytes)
1604074722.845795 sending message 105 to peer 0x564777a8d290 (86 bytes)
1604074722.845805 sending message 105 to peer 0x564777a8d290 (41 bytes)
1604074722.845814 sending message 105 to peer 0x564777a8d290 (18 bytes)
1604074722.845823 sending message 105 to peer 0x564777a8d290 (21 bytes)
1604074722.845832 sending message 105 to peer 0x564777a8d290 (21 bytes)
1604074722.845840 sending message 105 to peer 0x564777a8d290 (19 bytes)
1604074722.845849 sending message 105 to peer 0x564777a8d290 (38 bytes)
1604074722.845857 sending message 105 to peer 0x564777a8d290 (19 bytes)
1604074722.845866 sending message 105 to peer 0x564777a8d290 (35 bytes)
1604074722.845876 sending message 105 to peer 0x564777a8d290 (21 bytes)
1604074722.845885 sending message 105 to peer 0x564777a8d290 (164 bytes)
1604074722.845894 sending message 105 to peer 0x564777a8d290 (26 bytes)
1604074722.845903 sending message 105 to peer 0x564777a8d290 (27 bytes)
1604074722.845912 sending message 105 to peer 0x564777a8d290 (24 bytes)
1604074722.845921 sending message 105 to peer 0x564777a8d290 (28 bytes)
1604074722.845929 sending message 105 to peer 0x564777a8d290 (11 bytes)
1604074722.845938 sending message 105 to peer 0x564777a8d290 (13 bytes)
1604074722.845947 sending message 105 to peer 0x564777a8d290 (16 bytes)
1604074722.845956 sending message 105 to peer 0x564777a8d290 (20 bytes)
1604074722.845981 sending message 105 to peer 0x564777a8d290 (17 bytes)
1604074722.845990 sending message 105 to peer 0x564777a8d290 (18 bytes)
1604074722.846000 sending message 105 to peer 0x564777a8d290 (20 bytes)
1604074722.846008 sending message 105 to peer 0x564777a8d290 (18 bytes)
1604074722.846017 sending message 105 to peer 0x564777a8d290 (33 bytes)
1604074722.846025 sending message 105 to peer 0x564777a8d290 (52 bytes)
1604074722.846035 sending message 105 to peer 0x564777a8d290 (30 bytes)
1604074722.846044 sending message 105 to peer 0x564777a8d290 (26 bytes)
1604074722.846053 sending message 105 to peer 0x564777a8d290 (13 bytes)
1604074722.846061 sending message 105 to peer 0x564777a8d290 (39 bytes)
1604074722.846070 sending message 105 to peer 0x564777a8d290 (8 bytes)
1604074722.846078 sending message 105 to peer 0x564777a8d290 (15 bytes)
1604074722.846086 sending message 105 to peer 0x564777a8d290 (18 bytes)
1604074722.846094 sending message 105 to peer 0x564777a8d290 (18 bytes)
1604074722.846108 sending message 105 to peer 0x564777a8d290 (158 bytes)
1604074722.846118 sending message 105 to peer 0x564777a8d290 (18 bytes)
1604074722.846127 sending message 105 to peer 0x564777a8d290 (44 bytes)
1604074722.846136 sending message 105 to peer 0x564777a8d290 (15 bytes)
1604074722.846144 sending message 105 to peer 0x564777a8d290 (54 bytes)
1604074722.846152 sending message 105 to peer 0x564777a8d290 (31 bytes)
1604074722.846160 sending message 105 to peer 0x564777a8d290 (41 bytes)
1604074722.846169 sending message 105 to peer 0x564777a8d290 (45 bytes)
1604074722.846179 sending message 105 to peer 0x564777a8d290 (294 bytes)
1604074722.846188 sending message 105 to peer 0x564777a8d290 (15 bytes)
1604074722.846196 sending message 105 to peer 0x564777a8d290 (33 bytes)
1604074722.846204 sending message 105 to peer 0x564777a8d290 (19 bytes)
1604074722.846213 sending message 105 to peer 0x564777a8d290 (90 bytes)
1604074722.846221 sending message 105 to peer 0x564777a8d290 (32 bytes)
1604074722.846229 sending message 105 to peer 0x564777a8d290 (19 bytes)
1604074722.846238 sending message 105 to peer 0x564777a8d290 (16 bytes)
1604074722.846247 sending message 105 to peer 0x564777a8d290 (16 bytes)
1604074722.846256 sending message 106 to peer 0x564777a8d290 (0 bytes)
1604074722.846266 sending message 200 to peer 0x564777a8d290 (4 bytes)
1604074722.846274 client loop enter
1604074722.847164 peer 0x564777a8d290 message 211
1604074722.847210 peer 0x564777a8d290 message 203
1604074722.847224 client loop exit
